Using pre-set license
Built from '2022.3/release' branch; Version is '2022.3.20f1 (61c2feb0970d) revision 6406910'; Using compiler version '192829333'; Build Type 'Release'
OS: 'Windows 11  (10.0.22631) 64bit Core' Language: 'en' Physical Memory: 16253 MB
BatchMode: 1, IsHumanControllingUs: 0, StartBugReporterOnCrash: 0, Is64bit: 1, IsPro: 1

COMMAND LINE ARGUMENTS:
C:\Program Files\Unity\Hub\Editor\2022.3.20f1\Editor\Unity.exe
-adb2
-batchMode
-noUpm
-name
AssetImportWorker9
-projectPath
D:/gbrya/gbryar/GitHub/IGB100_Asmt2/IGB100_GameProject
-logFile
Logs/AssetImportWorker9.log
-srvPort
51081
Successfully changed project path to: D:/gbrya/gbryar/GitHub/IGB100_Asmt2/IGB100_GameProject
D:/gbrya/gbryar/GitHub/IGB100_Asmt2/IGB100_GameProject
[UnityMemory] Configuration Parameters - Can be set up in boot.config
    "memorysetup-bucket-allocator-granularity=16"
    "memorysetup-bucket-allocator-bucket-count=8"
    "memorysetup-bucket-allocator-block-size=33554432"
    "memorysetup-bucket-allocator-block-count=8"
    "memorysetup-main-allocator-block-size=16777216"
    "memorysetup-thread-allocator-block-size=16777216"
    "memorysetup-gfx-main-allocator-block-size=16777216"
    "memorysetup-gfx-thread-allocator-block-size=16777216"
    "memorysetup-cache-allocator-block-size=4194304"
    "memorysetup-typetree-allocator-block-size=2097152"
    "memorysetup-profiler-bucket-allocator-granularity=16"
    "memorysetup-profiler-bucket-allocator-bucket-count=8"
    "memorysetup-profiler-bucket-allocator-block-size=33554432"
    "memorysetup-profiler-bucket-allocator-block-count=8"
    "memorysetup-profiler-allocator-block-size=16777216"
    "memorysetup-profiler-editor-allocator-block-size=1048576"
    "memorysetup-temp-allocator-size-main=16777216"
    "memorysetup-job-temp-allocator-block-size=2097152"
    "memorysetup-job-temp-allocator-block-size-background=1048576"
    "memorysetup-job-temp-allocator-reduction-small-platforms=262144"
    "memorysetup-allocator-temp-initial-block-size-main=262144"
    "memorysetup-allocator-temp-initial-block-size-worker=262144"
    "memorysetup-temp-allocator-size-background-worker=32768"
    "memorysetup-temp-allocator-size-job-worker=262144"
    "memorysetup-temp-allocator-size-preload-manager=33554432"
    "memorysetup-temp-allocator-size-nav-mesh-worker=65536"
    "memorysetup-temp-allocator-size-audio-worker=65536"
    "memorysetup-temp-allocator-size-cloud-worker=32768"
    "memorysetup-temp-allocator-size-gi-baking-worker=262144"
    "memorysetup-temp-allocator-size-gfx=262144"
Player connection [6796] Host "[IP] 192.168.0.89 [Port] 0 [Flags] 2 [Guid] 879529791 [EditorId] 879529791 [Version] 1048832 [Id] WindowsEditor(7,DESKTOP-52C0Q5L) [Debug] 1 [PackageName] WindowsEditor [ProjectName] Editor" joined multi-casting on [225.0.0.222:54997]...

Player connection [6796] Host "[IP] 192.168.0.89 [Port] 0 [Flags] 2 [Guid] 879529791 [EditorId] 879529791 [Version] 1048832 [Id] WindowsEditor(7,DESKTOP-52C0Q5L) [Debug] 1 [PackageName] WindowsEditor [ProjectName] Editor" joined alternative multi-casting on [225.0.0.222:34997]...

[Physics::Module] Initialized MultithreadedJobDispatcher with 15 workers.
Refreshing native plugins compatible for Editor in 118.92 ms, found 3 plugins.
Preloading 0 native plugins for Editor in 0.00 ms.
Initialize engine version: 2022.3.20f1 (61c2feb0970d)
[Subsystems] Discovering subsystems at path C:/Program Files/Unity/Hub/Editor/2022.3.20f1/Editor/Data/Resources/UnitySubsystems
[Subsystems] Discovering subsystems at path D:/gbrya/gbryar/GitHub/IGB100_Asmt2/IGB100_GameProject/Assets
GfxDevice: creating device client; threaded=0; jobified=0
Direct3D:
    Version:  Direct3D 11.0 [level 11.1]
    Renderer: NVIDIA GeForce RTX 3060 (ID=0x2504)
    Vendor:   NVIDIA
    VRAM:     12129 MB
    Driver:   31.0.15.3713
Initialize mono
Mono path[0] = 'C:/Program Files/Unity/Hub/Editor/2022.3.20f1/Editor/Data/Managed'
Mono path[1] = 'C:/Program Files/Unity/Hub/Editor/2022.3.20f1/Editor/Data/MonoBleedingEdge/lib/mono/unityjit-win32'
Mono config path = 'C:/Program Files/Unity/Hub/Editor/2022.3.20f1/Editor/Data/MonoBleedingEdge/etc'
Using monoOptions --debugger-agent=transport=dt_socket,embedding=1,server=y,suspend=n,address=127.0.0.1:56160
Begin MonoManager ReloadAssembly
Registering precompiled unity dll's ...
Register platform support module: C:/Program Files/Unity/Hub/Editor/2022.3.20f1/Editor/Data/PlaybackEngines/WebGLSupport/UnityEditor.WebGL.Extensions.dll
Register platform support module: C:/Program Files/Unity/Hub/Editor/2022.3.20f1/Editor/Data/PlaybackEngines/WindowsStandaloneSupport/UnityEditor.WindowsStandalone.Extensions.dll
Registered in 0.008678 seconds.
- Loaded All Assemblies, in  0.316 seconds
Native extension for WindowsStandalone target not found
Native extension for WebGL target not found
Mono: successfully reloaded assembly
- Finished resetting the current domain, in  0.250 seconds
Domain Reload Profiling: 565ms
	BeginReloadAssembly (94ms)
		ExecutionOrderSort (0ms)
		DisableScriptedObjects (0ms)
		BackupInstance (0ms)
		ReleaseScriptingObjects (0ms)
		CreateAndSetChildDomain (1ms)
	RebuildCommonClasses (29ms)
	RebuildNativeTypeToScriptingClass (9ms)
	initialDomainReloadingComplete (52ms)
	LoadAllAssembliesAndSetupDomain (130ms)
		LoadAssemblies (93ms)
		RebuildTransferFunctionScriptingTraits (0ms)
		AnalyzeDomain (129ms)
			TypeCache.Refresh (128ms)
				TypeCache.ScanAssembly (115ms)
			ScanForSourceGeneratedMonoScriptInfo (0ms)
			ResolveRequiredComponents (0ms)
	FinalizeReload (251ms)
		ReleaseScriptCaches (0ms)
		RebuildScriptCaches (0ms)
		SetupLoadedEditorAssemblies (198ms)
			LogAssemblyErrors (0ms)
			InitializePlatformSupportModulesInManaged (8ms)
			SetLoadedEditorAssemblies (5ms)
			RefreshPlugins (0ms)
			BeforeProcessingInitializeOnLoad (2ms)
			ProcessInitializeOnLoadAttributes (118ms)
			ProcessInitializeOnLoadMethodAttributes (65ms)
			AfterProcessingInitializeOnLoad (0ms)
			EditorAssembliesLoaded (0ms)
		ExecutionOrderSort2 (0ms)
		AwakeInstancesAfterBackupRestoration (0ms)
========================================================================
Worker process is ready to serve import requests
Begin MonoManager ReloadAssembly
- Loaded All Assemblies, in  0.546 seconds
Refreshing native plugins compatible for Editor in 1.71 ms, found 3 plugins.
Native extension for WindowsStandalone target not found
Native extension for WebGL target not found
Package Manager log level set to [2]
[Package Manager] Server::EnsureServerProcessIsRunning -- launch failed, reason: Unity was launched with the -noUpm command-line argument
[Package Manager] UpmClient::Send -- Unable to send message (not connected to UPM process).
[Package Manager] Cannot connect to Unity Package Manager local server
Mono: successfully reloaded assembly
- Finished resetting the current domain, in  0.739 seconds
Domain Reload Profiling: 1284ms
	BeginReloadAssembly (138ms)
		ExecutionOrderSort (0ms)
		DisableScriptedObjects (4ms)
		BackupInstance (0ms)
		ReleaseScriptingObjects (0ms)
		CreateAndSetChildDomain (16ms)
	RebuildCommonClasses (48ms)
	RebuildNativeTypeToScriptingClass (13ms)
	initialDomainReloadingComplete (39ms)
	LoadAllAssembliesAndSetupDomain (307ms)
		LoadAssemblies (262ms)
		RebuildTransferFunctionScriptingTraits (0ms)
		AnalyzeDomain (135ms)
			TypeCache.Refresh (114ms)
				TypeCache.ScanAssembly (101ms)
			ScanForSourceGeneratedMonoScriptInfo (11ms)
			ResolveRequiredComponents (8ms)
	FinalizeReload (740ms)
		ReleaseScriptCaches (0ms)
		RebuildScriptCaches (0ms)
		SetupLoadedEditorAssemblies (611ms)
			LogAssemblyErrors (0ms)
			InitializePlatformSupportModulesInManaged (6ms)
			SetLoadedEditorAssemblies (3ms)
			RefreshPlugins (0ms)
			BeforeProcessingInitializeOnLoad (41ms)
			ProcessInitializeOnLoadAttributes (538ms)
			ProcessInitializeOnLoadMethodAttributes (17ms)
			AfterProcessingInitializeOnLoad (7ms)
			EditorAssembliesLoaded (0ms)
		ExecutionOrderSort2 (0ms)
		AwakeInstancesAfterBackupRestoration (6ms)
Launched and connected shader compiler UnityShaderCompiler.exe after 0.08 seconds
Refreshing native plugins compatible for Editor in 6.02 ms, found 3 plugins.
Preloading 0 native plugins for Editor in 0.00 ms.
Unloading 3222 Unused Serialized files (Serialized files now loaded: 0)
Unloading 32 unused Assets / (59.0 KB). Loaded Objects now: 3712.
Memory consumption went from 147.1 MB to 147.1 MB.
Total: 3.653900 ms (FindLiveObjects: 0.243700 ms CreateObjectMapping: 0.235200 ms MarkObjects: 2.994000 ms  DeleteObjects: 0.179800 ms)

AssetImportParameters requested are different than current active one (requested -> active):
  custom:container-demuxer-ogg: 62fdf1f143b41e24485cea50d1cbac27 -> 
  custom:video-decoder-ogg-theora: a1e56fd34408186e4bbccfd4996cb3dc -> 
  custom:framework-win-MediaFoundation: 216162199b28c13a410421893ffa2e32 -> 
  custom:CustomObjectIndexerAttribute: 6d391050e5a25f67b0a2c618074f2cd9 -> 
  custom:container-demuxer-webm: 4f35f7cbe854078d1ac9338744f61a02 -> 
  custom:container-muxer-webm: aa71ff27fc2769a1b78a27578f13a17b -> 
  custom:video-decoder-webm-vp8: 9c59270c3fd7afecdb556c50c9e8de78 -> 
  custom:SearchIndexIgnoredProperties: e643bd26f0fe6173181afceb89e7c659 -> 
  custom:AudioImporter_EditorPlatform: d09bf68614088b80899f8185d706f6e7 -> 
  custom:video-encoder-webm-vp8: eb34c28f22e8b96e1ab97ce403110664 -> 
  custom:audio-decoder-ogg-vorbis: bf7c407c2cedff20999df2af8eb42d56 -> 
  custom:audio-encoder-webm-vorbis: bf7c407c2cedff20999df2af8eb42d56 -> 
========================================================================
Received Import Request.
  Time since last request: 660462.442134 seconds.
  path: Assets/SubstanceAssets/LittleGamesPack/Prefabs/Individual Pieces/Cards/Diamonds/Card_Diamond10.prefab
  artifactKey: Guid(7d281796507226c4ab12f4fc98b867a8) Importer(815301076,1909f56bfc062723c751e8b465ee728b)
Start importing Assets/SubstanceAssets/LittleGamesPack/Prefabs/Individual Pieces/Cards/Diamonds/Card_Diamond10.prefab using Guid(7d281796507226c4ab12f4fc98b867a8) Importer(815301076,1909f56bfc062723c751e8b465ee728b)  -> (artifact id: '4bd568a5c3403671d30b2e121229394a') in 0.192697 seconds
Number of updated asset objects reloaded before import = 0
Number of asset objects unloaded after import = 15
========================================================================
Received Import Request.
  Time since last request: 0.187869 seconds.
  path: Assets/Standard Assets/CrossPlatformInput/Prefabs/MobileTiltControlRig.prefab
  artifactKey: Guid(999388b68bb99b44099461bfbed94358) Importer(815301076,1909f56bfc062723c751e8b465ee728b)
Start importing Assets/Standard Assets/CrossPlatformInput/Prefabs/MobileTiltControlRig.prefab using Guid(999388b68bb99b44099461bfbed94358) Importer(815301076,1909f56bfc062723c751e8b465ee728b)  -> (artifact id: '6a3a96baa254d9ad678bc0eb89adacba') in 0.001750 seconds
Number of updated asset objects reloaded before import = 0
Number of asset objects unloaded after import = 11
========================================================================
Received Import Request.
  Time since last request: 24.136980 seconds.
  path: Assets/Models/BuildItems/Corner/CornerMat.mat
  artifactKey: Guid(d5f417e34bb13bf49b741134f7b1ee0e) Importer(815301076,1909f56bfc062723c751e8b465ee728b)
Start importing Assets/Models/BuildItems/Corner/CornerMat.mat using Guid(d5f417e34bb13bf49b741134f7b1ee0e) Importer(815301076,1909f56bfc062723c751e8b465ee728b)  -> (artifact id: '1eae1df604e54da13cae76156c4699a4') in 0.036566 seconds
Number of updated asset objects reloaded before import = 0
Number of asset objects unloaded after import = 5
========================================================================
Received Import Request.
  Time since last request: 16.253652 seconds.
  path: Assets/Models/BuildItems/Corner/Corner_standardSurface1_Normal.png
  artifactKey: Guid(77c9c5f6ec618d44da2af2dc34907254) Importer(815301076,1909f56bfc062723c751e8b465ee728b)
Start importing Assets/Models/BuildItems/Corner/Corner_standardSurface1_Normal.png using Guid(77c9c5f6ec618d44da2af2dc34907254) Importer(815301076,1909f56bfc062723c751e8b465ee728b)  -> (artifact id: 'a10c063e8512151cc01439fabb33a15d') in 0.019445 seconds
Number of updated asset objects reloaded before import = 0
Number of asset objects unloaded after import = 2
========================================================================
Received Import Request.
  Time since last request: 65.719771 seconds.
  path: Assets/Models/BuildItems/CornerWall/CornerWall_standardSurface1_Metallic.png
  artifactKey: Guid(0b629d36f9496334dbdedfed01de0bad) Importer(815301076,1909f56bfc062723c751e8b465ee728b)
Start importing Assets/Models/BuildItems/CornerWall/CornerWall_standardSurface1_Metallic.png using Guid(0b629d36f9496334dbdedfed01de0bad) Importer(815301076,1909f56bfc062723c751e8b465ee728b)  -> (artifact id: 'd74c033ad7ada6234ba6cb9a284f6f45') in 0.010298 seconds
Number of updated asset objects reloaded before import = 0
Number of asset objects unloaded after import = 2
========================================================================
Received Import Request.
  Time since last request: 0.000018 seconds.
  path: Assets/Models/BuildItems/CornerWall/CornerWall_standardSurface1_Normal.png
  artifactKey: Guid(e8adef202a616ec4bbc0062df68bf532) Importer(815301076,1909f56bfc062723c751e8b465ee728b)
Start importing Assets/Models/BuildItems/CornerWall/CornerWall_standardSurface1_Normal.png using Guid(e8adef202a616ec4bbc0062df68bf532) Importer(815301076,1909f56bfc062723c751e8b465ee728b)  -> (artifact id: 'e8f8a3d5fe46309d47c89df67e08a49c') in 0.013455 seconds
Number of updated asset objects reloaded before import = 0
Number of asset objects unloaded after import = 2
========================================================================
Received Import Request.
  Time since last request: 19.171345 seconds.
  path: Assets/Models/BuildItems/Wall/Wall_standardSurface1_Metallic.png
  artifactKey: Guid(8ab553314ffdbdb4f88bc22cef523c16) Importer(815301076,1909f56bfc062723c751e8b465ee728b)
Start importing Assets/Models/BuildItems/Wall/Wall_standardSurface1_Metallic.png using Guid(8ab553314ffdbdb4f88bc22cef523c16) Importer(815301076,1909f56bfc062723c751e8b465ee728b)  -> (artifact id: '3dff9ab1988f4ab5c2e54ea41216d1d4') in 0.012758 seconds
Number of updated asset objects reloaded before import = 0
Number of asset objects unloaded after import = 2
========================================================================
Received Import Request.
  Time since last request: 0.000035 seconds.
  path: Assets/Models/BuildItems/Wall/Wall_standardSurface1_Normal.png
  artifactKey: Guid(b3d31886fa53e6443851db91baad63b4) Importer(815301076,1909f56bfc062723c751e8b465ee728b)
Start importing Assets/Models/BuildItems/Wall/Wall_standardSurface1_Normal.png using Guid(b3d31886fa53e6443851db91baad63b4) Importer(815301076,1909f56bfc062723c751e8b465ee728b)  -> (artifact id: '6aa20e5894b1eb5a765af1d004865a54') in 0.013869 seconds
Number of updated asset objects reloaded before import = 0
Number of asset objects unloaded after import = 2
========================================================================
Received Import Request.
  Time since last request: 27.699966 seconds.
  path: Assets/SubstanceAssets/LittleGamesPack/Materials/CardsAndTables.mat
  artifactKey: Guid(acee5651fa8f28a4a93d6f83dc387a45) Importer(815301076,1909f56bfc062723c751e8b465ee728b)
Start importing Assets/SubstanceAssets/LittleGamesPack/Materials/CardsAndTables.mat using Guid(acee5651fa8f28a4a93d6f83dc387a45) Importer(815301076,1909f56bfc062723c751e8b465ee728b)  -> (artifact id: '36068d519aa98ac7cf4aafb4fa2d4622') in 0.047063 seconds
Number of updated asset objects reloaded before import = 0
Number of asset objects unloaded after import = 6
========================================================================
Received Import Request.
  Time since last request: 0.005685 seconds.
  path: Assets/SubstanceAssets/LittleGamesPack/Models/Chess/WhiteQueen.fbx
  artifactKey: Guid(5d820a334e041054e83d0c8f6515325d) Importer(815301076,1909f56bfc062723c751e8b465ee728b)
Start importing Assets/SubstanceAssets/LittleGamesPack/Models/Chess/WhiteQueen.fbx using Guid(5d820a334e041054e83d0c8f6515325d) Importer(815301076,1909f56bfc062723c751e8b465ee728b)  -> (artifact id: '58ae80023696f428618e2a4884c1d22c') in 0.052311 seconds
Number of updated asset objects reloaded before import = 0
Number of asset objects unloaded after import = 16
========================================================================
Received Import Request.
  Time since last request: 0.000015 seconds.
  path: Assets/SubstanceAssets/LittleGamesPack/Models/Chess/WhiteKnight.fbx
  artifactKey: Guid(1b76ec6ef1ff6bf4fabb3e5e00964982) Importer(815301076,1909f56bfc062723c751e8b465ee728b)
Start importing Assets/SubstanceAssets/LittleGamesPack/Models/Chess/WhiteKnight.fbx using Guid(1b76ec6ef1ff6bf4fabb3e5e00964982) Importer(815301076,1909f56bfc062723c751e8b465ee728b)  -> (artifact id: 'be74202a763aa3f3c987191f2cb3aef7') in 0.035651 seconds
Number of updated asset objects reloaded before import = 0
Number of asset objects unloaded after import = 16
========================================================================
Received Import Request.
  Time since last request: 16.803608 seconds.
  path: Assets/Models/Characters/Materials/standardSurface6.mat
  artifactKey: Guid(9a6866ac617e55f429212e7699f0eb2b) Importer(815301076,1909f56bfc062723c751e8b465ee728b)
Start importing Assets/Models/Characters/Materials/standardSurface6.mat using Guid(9a6866ac617e55f429212e7699f0eb2b) Importer(815301076,1909f56bfc062723c751e8b465ee728b)  -> (artifact id: '219b41b5abd620696ec9d9d43ab439b5') in 0.042712 seconds
Number of updated asset objects reloaded before import = 0
Number of asset objects unloaded after import = 1
========================================================================
Received Import Request.
  Time since last request: 54.449975 seconds.
  path: Assets/AurynSky/Rockets Missiles and Bombs/Models/Rocket30.fbx
  artifactKey: Guid(93aa6b0374cbc5d429b7fef4523e1650) Importer(815301076,1909f56bfc062723c751e8b465ee728b)
Start importing Assets/AurynSky/Rockets Missiles and Bombs/Models/Rocket30.fbx using Guid(93aa6b0374cbc5d429b7fef4523e1650) Importer(815301076,1909f56bfc062723c751e8b465ee728b)  -> (artifact id: '42347d385ea3330df5b5a635576b38c1') in 0.014690 seconds
Number of updated asset objects reloaded before import = 0
Number of asset objects unloaded after import = 8
========================================================================
Received Import Request.
  Time since last request: 0.093769 seconds.
  path: Assets/Hovl Studio/Magic effects pack/Models/Slash.fbx
  artifactKey: Guid(ce274bd34d1b1d24f831cdd3e246a4e8) Importer(815301076,1909f56bfc062723c751e8b465ee728b)
Start importing Assets/Hovl Studio/Magic effects pack/Models/Slash.fbx using Guid(ce274bd34d1b1d24f831cdd3e246a4e8) Importer(815301076,1909f56bfc062723c751e8b465ee728b)  -> (artifact id: 'd16b90563dabfc4e50e31513eb799dee') in 0.025866 seconds
Number of updated asset objects reloaded before import = 0
Number of asset objects unloaded after import = 7
========================================================================
Received Import Request.
  Time since last request: 0.001171 seconds.
  path: Assets/SubstanceAssets/LittleGamesPack/Models/Cards/Card_Spade7.fbx
  artifactKey: Guid(b4938b6705d80614fa0e5fa8c9549f78) Importer(815301076,1909f56bfc062723c751e8b465ee728b)
Start importing Assets/SubstanceAssets/LittleGamesPack/Models/Cards/Card_Spade7.fbx using Guid(b4938b6705d80614fa0e5fa8c9549f78) Importer(815301076,1909f56bfc062723c751e8b465ee728b)  -> (artifact id: 'e25c72d436b965cc42ef057ba4955c04') in 0.014467 seconds
Number of updated asset objects reloaded before import = 0
Number of asset objects unloaded after import = 8
========================================================================
Received Import Request.
  Time since last request: 0.000013 seconds.
  path: Assets/SubstanceAssets/LittleGamesPack/Models/Cards/Card_SpadeAce.fbx
  artifactKey: Guid(d00ffa82626fd1a42b3231af8ff8a4d4) Importer(815301076,1909f56bfc062723c751e8b465ee728b)
Start importing Assets/SubstanceAssets/LittleGamesPack/Models/Cards/Card_SpadeAce.fbx using Guid(d00ffa82626fd1a42b3231af8ff8a4d4) Importer(815301076,1909f56bfc062723c751e8b465ee728b)  -> (artifact id: '4a776138cdb8d9a9b68ab510548f3692') in 0.020360 seconds
Number of updated asset objects reloaded before import = 0
Number of asset objects unloaded after import = 8
========================================================================
Received Import Request.
  Time since last request: 0.000019 seconds.
  path: Assets/SubstanceAssets/LittleGamesPack/Models/Cards/Card_SpadeQueen.fbx
  artifactKey: Guid(75cc5c4549bd69d46b36ece467b8c8a5) Importer(815301076,1909f56bfc062723c751e8b465ee728b)
Start importing Assets/SubstanceAssets/LittleGamesPack/Models/Cards/Card_SpadeQueen.fbx using Guid(75cc5c4549bd69d46b36ece467b8c8a5) Importer(815301076,1909f56bfc062723c751e8b465ee728b)  -> (artifact id: '36f22accc6697e8b336968b884ffda20') in 0.014863 seconds
Number of updated asset objects reloaded before import = 0
Number of asset objects unloaded after import = 8
========================================================================
Received Import Request.
  Time since last request: 0.000013 seconds.
  path: Assets/SubstanceAssets/LittleGamesPack/Models/Cards/Card_SpadeKing.fbx
  artifactKey: Guid(851325f54e7e8d74e92fe4a438b4c46b) Importer(815301076,1909f56bfc062723c751e8b465ee728b)
Start importing Assets/SubstanceAssets/LittleGamesPack/Models/Cards/Card_SpadeKing.fbx using Guid(851325f54e7e8d74e92fe4a438b4c46b) Importer(815301076,1909f56bfc062723c751e8b465ee728b)  -> (artifact id: 'fccd8b188a1f467aa399140d8d27705b') in 0.014342 seconds
Number of updated asset objects reloaded before import = 0
Number of asset objects unloaded after import = 8
========================================================================
Received Import Request.
  Time since last request: 0.000021 seconds.
  path: Assets/SubstanceAssets/LittleGamesPack/Models/Cards/Card_SpadeJack.fbx
  artifactKey: Guid(0fc089f54ca7eab449aa0dfbac3efe49) Importer(815301076,1909f56bfc062723c751e8b465ee728b)
Start importing Assets/SubstanceAssets/LittleGamesPack/Models/Cards/Card_SpadeJack.fbx using Guid(0fc089f54ca7eab449aa0dfbac3efe49) Importer(815301076,1909f56bfc062723c751e8b465ee728b)  -> (artifact id: '86a61eb3142880746d4bc86e75a978f8') in 0.017763 seconds
Number of updated asset objects reloaded before import = 0
Number of asset objects unloaded after import = 8
========================================================================
Received Import Request.
  Time since last request: 0.000016 seconds.
  path: Assets/SubstanceAssets/LittleGamesPack/Models/Cards/Card_Spade3.fbx
  artifactKey: Guid(4f83837a08959da4897b514880b8a3d4) Importer(815301076,1909f56bfc062723c751e8b465ee728b)
Start importing Assets/SubstanceAssets/LittleGamesPack/Models/Cards/Card_Spade3.fbx using Guid(4f83837a08959da4897b514880b8a3d4) Importer(815301076,1909f56bfc062723c751e8b465ee728b)  -> (artifact id: 'fc72ee74461d85bce785ff936effcf00') in 0.013600 seconds
Number of updated asset objects reloaded before import = 0
Number of asset objects unloaded after import = 8
========================================================================
Received Import Request.
  Time since last request: 0.000020 seconds.
  path: Assets/SubstanceAssets/LittleGamesPack/Models/Cards/Card_Spade8.fbx
  artifactKey: Guid(bb993fcbe56e1f046964e26cd11d968f) Importer(815301076,1909f56bfc062723c751e8b465ee728b)
Start importing Assets/SubstanceAssets/LittleGamesPack/Models/Cards/Card_Spade8.fbx using Guid(bb993fcbe56e1f046964e26cd11d968f) Importer(815301076,1909f56bfc062723c751e8b465ee728b)  -> (artifact id: 'e2f9ae490e4c57fa91dd4caf11293a1f') in 0.014599 seconds
Number of updated asset objects reloaded before import = 0
Number of asset objects unloaded after import = 8
========================================================================
Received Import Request.
  Time since last request: 0.000015 seconds.
  path: Assets/SubstanceAssets/LittleGamesPack/Models/Cards/Card_Spade2.fbx
  artifactKey: Guid(ae59c5ace333d064f80e403afa3b3450) Importer(815301076,1909f56bfc062723c751e8b465ee728b)
Start importing Assets/SubstanceAssets/LittleGamesPack/Models/Cards/Card_Spade2.fbx using Guid(ae59c5ace333d064f80e403afa3b3450) Importer(815301076,1909f56bfc062723c751e8b465ee728b)  -> (artifact id: 'cd21707bce3d22dfae9d2e8eef8e00c3') in 0.014012 seconds
Number of updated asset objects reloaded before import = 0
Number of asset objects unloaded after import = 8
========================================================================
Received Import Request.
  Time since last request: 0.000016 seconds.
  path: Assets/SubstanceAssets/LittleGamesPack/Models/Cards/Card_Spade9.fbx
  artifactKey: Guid(5ff846045e3d7c240929b30399a5636d) Importer(815301076,1909f56bfc062723c751e8b465ee728b)
Start importing Assets/SubstanceAssets/LittleGamesPack/Models/Cards/Card_Spade9.fbx using Guid(5ff846045e3d7c240929b30399a5636d) Importer(815301076,1909f56bfc062723c751e8b465ee728b)  -> (artifact id: '1ba09944f406c5e24b8c03a1eac081dd') in 0.016078 seconds
Number of updated asset objects reloaded before import = 0
Number of asset objects unloaded after import = 8
========================================================================
Received Import Request.
  Time since last request: 0.000024 seconds.
  path: Assets/SubstanceAssets/LittleGamesPack/Models/Cards/Card_Spade5.fbx
  artifactKey: Guid(61c3b8f6a784f8040840f12c05e1ddf7) Importer(815301076,1909f56bfc062723c751e8b465ee728b)
Start importing Assets/SubstanceAssets/LittleGamesPack/Models/Cards/Card_Spade5.fbx using Guid(61c3b8f6a784f8040840f12c05e1ddf7) Importer(815301076,1909f56bfc062723c751e8b465ee728b)  -> (artifact id: '1f13e6d405be697c369d76ee1b638ec0') in 0.014929 seconds
Number of updated asset objects reloaded before import = 0
Number of asset objects unloaded after import = 8
Editor requested this worker to shutdown with reason: Scaling down because of idle timeout
TcpMessagingSession - receive error: operation aborted. errorcode: 995, details: The I/O operation has been aborted because of either a thread exit or an application request.
AssetImportWorker is now disconnected from the server
Process exiting
Exiting without the bug reporter. Application will terminate with return code 0